2021-06-29 20:01:05,923 DEBUG [TestNG] cache:45 - Couldn't find template in cache for "index.ftl"("en", UTF-8, parsed); will try to load it.
2021-06-29 20:01:05,927 DEBUG [TestNG] cache:45 - TemplateLoader.findTemplateSource("index_en.ftl"): Not found
2021-06-29 20:01:05,928 DEBUG [TestNG] cache:45 - TemplateLoader.findTemplateSource("index.ftl"): Found
2021-06-29 20:01:05,929 DEBUG [TestNG] cache:45 - Loading template for "index.ftl"("en", UTF-8, parsed) from "jar:file:/C:/Users/Admin/.m2/repository/com/aventstack/extentreports/3.1.5/extentreports-3.1.5.jar!/com/aventstack/extentreports/view/html-report/index.ftl"
2021-06-29 20:01:06,114 DEBUG [TestNG] cache:45 - Couldn't find template in cache for "head.ftl"("en", UTF-8, parsed); will try to load it.
2021-06-29 20:01:06,114 DEBUG [TestNG] cache:45 - TemplateLoader.findTemplateSource("head_en.ftl"): Not found
2021-06-29 20:01:06,115 DEBUG [TestNG] cache:45 - TemplateLoader.findTemplateSource("head.ftl"): Found
2021-06-29 20:01:06,115 DEBUG [TestNG] cache:45 - Loading template for "head.ftl"("en", UTF-8, parsed) from "jar:file:/C:/Users/Admin/.m2/repository/com/aventstack/extentreports/3.1.5/extentreports-3.1.5.jar!/com/aventstack/extentreports/view/html-report/head.ftl"
2021-06-29 20:01:06,118 DEBUG [TestNG] cache:45 - Couldn't find template in cache for "nav.ftl"("en", UTF-8, parsed); will try to load it.
2021-06-29 20:01:06,119 DEBUG [TestNG] cache:45 - TemplateLoader.findTemplateSource("nav_en.ftl"): Not found
2021-06-29 20:01:06,120 DEBUG [TestNG] cache:45 - TemplateLoader.findTemplateSource("nav.ftl"): Found
2021-06-29 20:01:06,121 DEBUG [TestNG] cache:45 - Loading template for "nav.ftl"("en", UTF-8, parsed) from "jar:file:/C:/Users/Admin/.m2/repository/com/aventstack/extentreports/3.1.5/extentreports-3.1.5.jar!/com/aventstack/extentreports/view/html-report/nav.ftl"
2021-06-29 20:01:06,132 DEBUG [TestNG] cache:45 - Couldn't find template in cache for "test-view/test-view.ftl"("en", UTF-8, parsed); will try to load it.
2021-06-29 20:01:06,134 DEBUG [TestNG] cache:45 - TemplateLoader.findTemplateSource("test-view/test-view_en.ftl"): Not found
2021-06-29 20:01:06,134 DEBUG [TestNG] cache:45 - TemplateLoader.findTemplateSource("test-view/test-view.ftl"): Found
2021-06-29 20:01:06,135 DEBUG [TestNG] cache:45 - Loading template for "test-view/test-view.ftl"("en", UTF-8, parsed) from "jar:file:/C:/Users/Admin/.m2/repository/com/aventstack/extentreports/3.1.5/extentreports-3.1.5.jar!/com/aventstack/extentreports/view/html-report/test-view/test-view.ftl"
2021-06-29 20:01:06,152 DEBUG [TestNG] cache:45 - Couldn't find template in cache for "test-view/standard.ftl"("en", UTF-8, parsed); will try to load it.
2021-06-29 20:01:06,152 DEBUG [TestNG] cache:45 - TemplateLoader.findTemplateSource("test-view/standard_en.ftl"): Not found
2021-06-29 20:01:06,152 DEBUG [TestNG] cache:45 - TemplateLoader.findTemplateSource("test-view/standard.ftl"): Found
2021-06-29 20:01:06,152 DEBUG [TestNG] cache:45 - Loading template for "test-view/standard.ftl"("en", UTF-8, parsed) from "jar:file:/C:/Users/Admin/.m2/repository/com/aventstack/extentreports/3.1.5/extentreports-3.1.5.jar!/com/aventstack/extentreports/view/html-report/test-view/standard.ftl"
2021-06-29 20:01:06,180 DEBUG [TestNG] cache:45 - "test-view/standard.ftl"("en", UTF-8, parsed) cached copy not yet stale; using cached.
2021-06-29 20:01:06,181 DEBUG [TestNG] cache:45 - "test-view/standard.ftl"("en", UTF-8, parsed) cached copy not yet stale; using cached.
2021-06-29 20:01:06,182 DEBUG [TestNG] cache:45 - "test-view/standard.ftl"("en", UTF-8, parsed) cached copy not yet stale; using cached.
2021-06-29 20:01:06,184 DEBUG [TestNG] cache:45 - "test-view/standard.ftl"("en", UTF-8, parsed) cached copy not yet stale; using cached.
2021-06-29 20:01:06,185 DEBUG [TestNG] cache:45 - "test-view/standard.ftl"("en", UTF-8, parsed) cached copy not yet stale; using cached.
2021-06-29 20:01:06,187 DEBUG [TestNG] cache:45 - "test-view/standard.ftl"("en", UTF-8, parsed) cached copy not yet stale; using cached.
2021-06-29 20:01:06,188 DEBUG [TestNG] cache:45 - "test-view/standard.ftl"("en", UTF-8, parsed) cached copy not yet stale; using cached.
2021-06-29 20:01:06,191 DEBUG [TestNG] cache:45 - "test-view/standard.ftl"("en", UTF-8, parsed) cached copy not yet stale; using cached.
2021-06-29 20:01:06,192 DEBUG [TestNG] cache:45 - "test-view/standard.ftl"("en", UTF-8, parsed) cached copy not yet stale; using cached.
2021-06-29 20:01:06,193 DEBUG [TestNG] cache:45 - "test-view/standard.ftl"("en", UTF-8, parsed) cached copy not yet stale; using cached.
2021-06-29 20:01:06,194 DEBUG [TestNG] cache:45 - Couldn't find template in cache for "test-view/test-view-charts.ftl"("en", UTF-8, parsed); will try to load it.
2021-06-29 20:01:06,195 DEBUG [TestNG] cache:45 - TemplateLoader.findTemplateSource("test-view/test-view-charts_en.ftl"): Not found
2021-06-29 20:01:06,195 DEBUG [TestNG] cache:45 - TemplateLoader.findTemplateSource("test-view/test-view-charts.ftl"): Found
2021-06-29 20:01:06,195 DEBUG [TestNG] cache:45 - Loading template for "test-view/test-view-charts.ftl"("en", UTF-8, parsed) from "jar:file:/C:/Users/Admin/.m2/repository/com/aventstack/extentreports/3.1.5/extentreports-3.1.5.jar!/com/aventstack/extentreports/view/html-report/test-view/test-view-charts.ftl"
2021-06-29 20:01:06,201 DEBUG [TestNG] cache:45 - Couldn't find template in cache for "category-view/category-view.ftl"("en", UTF-8, parsed); will try to load it.
2021-06-29 20:01:06,201 DEBUG [TestNG] cache:45 - TemplateLoader.findTemplateSource("category-view/category-view_en.ftl"): Not found
2021-06-29 20:01:06,202 DEBUG [TestNG] cache:45 - TemplateLoader.findTemplateSource("category-view/category-view.ftl"): Found
2021-06-29 20:01:06,202 DEBUG [TestNG] cache:45 - Loading template for "category-view/category-view.ftl"("en", UTF-8, parsed) from "jar:file:/C:/Users/Admin/.m2/repository/com/aventstack/extentreports/3.1.5/extentreports-3.1.5.jar!/com/aventstack/extentreports/view/html-report/category-view/category-view.ftl"
2021-06-29 20:01:06,205 DEBUG [TestNG] cache:45 - Couldn't find template in cache for "author-view/author-view.ftl"("en", UTF-8, parsed); will try to load it.
2021-06-29 20:01:06,205 DEBUG [TestNG] cache:45 - TemplateLoader.findTemplateSource("author-view/author-view_en.ftl"): Not found
2021-06-29 20:01:06,206 DEBUG [TestNG] cache:45 - TemplateLoader.findTemplateSource("author-view/author-view.ftl"): Found
2021-06-29 20:01:06,206 DEBUG [TestNG] cache:45 - Loading template for "author-view/author-view.ftl"("en", UTF-8, parsed) from "jar:file:/C:/Users/Admin/.m2/repository/com/aventstack/extentreports/3.1.5/extentreports-3.1.5.jar!/com/aventstack/extentreports/view/html-report/author-view/author-view.ftl"
2021-06-29 20:01:06,211 DEBUG [TestNG] cache:45 - Couldn't find template in cache for "exception-view/exception-view.ftl"("en", UTF-8, parsed); will try to load it.
2021-06-29 20:01:06,212 DEBUG [TestNG] cache:45 - TemplateLoader.findTemplateSource("exception-view/exception-view_en.ftl"): Not found
2021-06-29 20:01:06,213 DEBUG [TestNG] cache:45 - TemplateLoader.findTemplateSource("exception-view/exception-view.ftl"): Found
2021-06-29 20:01:06,213 DEBUG [TestNG] cache:45 - Loading template for "exception-view/exception-view.ftl"("en", UTF-8, parsed) from "jar:file:/C:/Users/Admin/.m2/repository/com/aventstack/extentreports/3.1.5/extentreports-3.1.5.jar!/com/aventstack/extentreports/view/html-report/exception-view/exception-view.ftl"
2021-06-29 20:01:06,218 DEBUG [TestNG] cache:45 - Couldn't find template in cache for "dashboard-view/dashboard-view.ftl"("en", UTF-8, parsed); will try to load it.
2021-06-29 20:01:06,219 DEBUG [TestNG] cache:45 - TemplateLoader.findTemplateSource("dashboard-view/dashboard-view_en.ftl"): Not found
2021-06-29 20:01:06,219 DEBUG [TestNG] cache:45 - TemplateLoader.findTemplateSource("dashboard-view/dashboard-view.ftl"): Found
2021-06-29 20:01:06,220 DEBUG [TestNG] cache:45 - Loading template for "dashboard-view/dashboard-view.ftl"("en", UTF-8, parsed) from "jar:file:/C:/Users/Admin/.m2/repository/com/aventstack/extentreports/3.1.5/extentreports-3.1.5.jar!/com/aventstack/extentreports/view/html-report/dashboard-view/dashboard-view.ftl"
2021-06-29 20:01:06,229 DEBUG [TestNG] cache:45 - Couldn't find template in cache for "logs-view/testrunner-logs-view.ftl"("en", UTF-8, parsed); will try to load it.
2021-06-29 20:01:06,230 DEBUG [TestNG] cache:45 - TemplateLoader.findTemplateSource("logs-view/testrunner-logs-view_en.ftl"): Not found
2021-06-29 20:01:06,231 DEBUG [TestNG] cache:45 - TemplateLoader.findTemplateSource("logs-view/testrunner-logs-view.ftl"): Found
2021-06-29 20:01:06,231 DEBUG [TestNG] cache:45 - Loading template for "logs-view/testrunner-logs-view.ftl"("en", UTF-8, parsed) from "jar:file:/C:/Users/Admin/.m2/repository/com/aventstack/extentreports/3.1.5/extentreports-3.1.5.jar!/com/aventstack/extentreports/view/html-report/logs-view/testrunner-logs-view.ftl"
